[ 2016-03-18T11:26:38+08:00 ] ::1 /newsVis/
INFO: [ app_init ] --START--
INFO: Run Behavior\BuildLiteBehavior [ RunTime:0.000014s ]
INFO: [ app_init ] --END-- [ RunTime:0.011019s ]
INFO: [ app_begin ] --START--
INFO: Run Behavior\ReadHtmlCacheBehavior [ RunTime:0.000879s ]
INFO: [ app_begin ] --END-- [ RunTime:0.000934s ]
INFO: [ view_parse ] --START--
INFO: [ template_filter ] --START--
INFO: Run Behavior\ContentReplaceBehavior [ RunTime:0.001617s ]
INFO: [ template_filter ] --END-- [ RunTime:0.001689s ]
NOTIC: [8] Undefined variable: index D:\XAMPP\xampp\htdocs\newsVis\Application\Runtime\Cache\Home\2a94b8bda04ff446dcedd42276fc99ee.php 第 92 行.
INFO: Run Behavior\ParseTemplateBehavior [ RunTime:0.044387s ]
INFO: [ view_parse ] --END-- [ RunTime:0.044439s ]
INFO: [ view_filter ] --START--
INFO: Run Behavior\WriteHtmlCacheBehavior [ RunTime:0.010730s ]
INFO: [ view_filter ] --END-- [ RunTime:0.010795s ]
INFO: [ app_end ] --START--
INFO: Run Behavior\ShowPageTraceBehavior [ RunTime:0.001216s ]
INFO: [ app_end ] --END-- [ RunTime:0.001298s ]

