[ 2016-04-08T11:06:45+08:00 ] ::1 /newsVis/Application/Home/Common/img/deleteAll.png
INFO: [ app_init ] --START--
INFO: Run Behavior\BuildLiteBehavior [ RunTime:0.000010s ]
INFO: [ app_init ] --END-- [ RunTime:0.000311s ]
ERR: 无法加载模块:Application

[ 2016-04-08T11:06:45+08:00 ] ::1 /newsVis/Application/Home/Common/img/merge.png
INFO: [ app_init ] --START--
INFO: Run Behavior\BuildLiteBehavior [ RunTime:0.000010s ]
INFO: [ app_init ] --END-- [ RunTime:0.000292s ]
ERR: 无法加载模块:Application

[ 2016-04-08T11:08:36+08:00 ] ::1 /newsVis/Application/Home/Common/css/style.css.map
INFO: [ app_init ] --START--
INFO: Run Behavior\BuildLiteBehavior [ RunTime:0.000009s ]
INFO: [ app_init ] --END-- [ RunTime:0.000210s ]
ERR: 无法加载模块:Application

[ 2016-04-08T11:08:48+08:00 ] ::1 /newsVis/Application/Home/Common/css/style.css.map
INFO: [ app_init ] --START--
INFO: Run Behavior\BuildLiteBehavior [ RunTime:0.000066s ]
INFO: [ app_init ] --END-- [ RunTime:0.000391s ]
ERR: 无法加载模块:Application

[ 2016-04-08T11:14:52+08:00 ] ::1 /newsVis/Application/Home/Common/img/merge.png
INFO: [ app_init ] --START--
INFO: Run Behavior\BuildLiteBehavior [ RunTime:0.000011s ]
INFO: [ app_init ] --END-- [ RunTime:0.000342s ]
ERR: 无法加载模块:Application

[ 2016-04-08T11:14:52+08:00 ] ::1 /newsVis/Application/Home/Common/img/deleteAll.png
INFO: [ app_init ] --START--
INFO: Run Behavior\BuildLiteBehavior [ RunTime:0.000011s ]
INFO: [ app_init ] --END-- [ RunTime:0.000327s ]
ERR: 无法加载模块:Application

[ 2016-04-08T11:18:44+08:00 ] ::1 /newsVis/Application/Home/Common/css/style.css.map
INFO: [ app_init ] --START--
INFO: Run Behavior\BuildLiteBehavior [ RunTime:0.000026s ]
INFO: [ app_init ] --END-- [ RunTime:0.000464s ]
ERR: 无法加载模块:Application

[ 2016-04-08T11:23:20+08:00 ] ::1 /newsVis/Application/Home/Common/css/style.css.map
INFO: [ app_init ] --START--
INFO: Run Behavior\BuildLiteBehavior [ RunTime:0.000009s ]
INFO: [ app_init ] --END-- [ RunTime:0.000361s ]
ERR: 无法加载模块:Application

[ 2016-04-08T11:24:57+08:00 ] ::1 /newsVis/Application/Home/Common/css/style.css.map
INFO: [ app_init ] --START--
INFO: Run Behavior\BuildLiteBehavior [ RunTime:0.000009s ]
INFO: [ app_init ] --END-- [ RunTime:0.000245s ]
ERR: 无法加载模块:Application

[ 2016-04-08T11:29:25+08:00 ] ::1 /newsVis/Application/Home/Common/css/style.css.map
INFO: [ app_init ] --START--
INFO: Run Behavior\BuildLiteBehavior [ RunTime:0.000008s ]
INFO: [ app_init ] --END-- [ RunTime:0.000297s ]
ERR: 无法加载模块:Application

[ 2016-04-08T11:33:11+08:00 ] ::1 /newsVis/Application/Home/Common/css/style.css.map
INFO: [ app_init ] --START--
INFO: Run Behavior\BuildLiteBehavior [ RunTime:0.000013s ]
INFO: [ app_init ] --END-- [ RunTime:0.000314s ]
ERR: 无法加载模块:Application

[ 2016-04-08T11:33:14+08:00 ] ::1 /newsVis/Application/Home/Common/css/style.css.map
INFO: [ app_init ] --START--
INFO: Run Behavior\BuildLiteBehavior [ RunTime:0.000035s ]
INFO: [ app_init ] --END-- [ RunTime:0.000297s ]
ERR: 无法加载模块:Application

[ 2016-04-08T11:42:43+08:00 ] ::1 /newsVis/Application/Home/Common/css/style.css.map
INFO: [ app_init ] --START--
INFO: Run Behavior\BuildLiteBehavior [ RunTime:0.000009s ]
INFO: [ app_init ] --END-- [ RunTime:0.000231s ]
ERR: 无法加载模块:Application

[ 2016-04-08T11:46:58+08:00 ] ::1 /newsVis/Application/Home/Common/css/style.css.map
INFO: [ app_init ] --START--
INFO: Run Behavior\BuildLiteBehavior [ RunTime:0.000009s ]
INFO: [ app_init ] --END-- [ RunTime:0.000270s ]
ERR: 无法加载模块:Application

[ 2016-04-08T11:47:20+08:00 ] ::1 /newsVis/Application/Home/Common/css/style.css.map
INFO: [ app_init ] --START--
INFO: Run Behavior\BuildLiteBehavior [ RunTime:0.000011s ]
INFO: [ app_init ] --END-- [ RunTime:0.000317s ]
ERR: 无法加载模块:Application

[ 2016-04-08T11:50:41+08:00 ] ::1 /newsVis/Application/Home/Common/css/style.css.map
INFO: [ app_init ] --START--
INFO: Run Behavior\BuildLiteBehavior [ RunTime:0.000022s ]
INFO: [ app_init ] --END-- [ RunTime:0.000566s ]
ERR: 无法加载模块:Application

[ 2016-04-08T11:51:58+08:00 ] ::1 /newsVis/Application/Home/Common/css/style.css.map
INFO: [ app_init ] --START--
INFO: Run Behavior\BuildLiteBehavior [ RunTime:0.000012s ]
INFO: [ app_init ] --END-- [ RunTime:0.000331s ]
ERR: 无法加载模块:Application

[ 2016-04-08T11:52:35+08:00 ] ::1 /newsVis/Application/Home/Common/css/style.css.map
INFO: [ app_init ] --START--
INFO: Run Behavior\BuildLiteBehavior [ RunTime:0.000019s ]
INFO: [ app_init ] --END-- [ RunTime:0.000990s ]
ERR: 无法加载模块:Application

[ 2016-04-08T11:53:32+08:00 ] ::1 /newsVis/Application/Home/Common/css/style.css.map
INFO: [ app_init ] --START--
INFO: Run Behavior\BuildLiteBehavior [ RunTime:0.000017s ]
INFO: [ app_init ] --END-- [ RunTime:0.000349s ]
ERR: 无法加载模块:Application

