[ 2016-03-11T09:18:40+08:00 ] ::1 /newsVis/Application/Home/Common/img/deleteAll.png
INFO: [ app_init ] --START--
INFO: Run Behavior\BuildLiteBehavior [ RunTime:0.000012s ]
INFO: [ app_init ] --END-- [ RunTime:0.000344s ]
ERR: 无法加载模块:Application

[ 2016-03-11T09:18:40+08:00 ] ::1 /newsVis/Application/Home/Common/img/editAdd.png
INFO: [ app_init ] --START--
INFO: Run Behavior\BuildLiteBehavior [ RunTime:0.000019s ]
INFO: [ app_init ] --END-- [ RunTime:0.000644s ]
ERR: 无法加载模块:Application

[ 2016-03-11T09:18:40+08:00 ] ::1 /newsVis/Application/Home/Common/img/merge.png
INFO: [ app_init ] --START--
INFO: Run Behavior\BuildLiteBehavior [ RunTime:0.000018s ]
INFO: [ app_init ] --END-- [ RunTime:0.000407s ]
ERR: 无法加载模块:Application

[ 2016-03-11T09:18:58+08:00 ] ::1 /newsVis/Application/Home/Common/css/style.css.map
INFO: [ app_init ] --START--
INFO: Run Behavior\BuildLiteBehavior [ RunTime:0.000024s ]
INFO: [ app_init ] --END-- [ RunTime:0.000683s ]
ERR: 无法加载模块:Application

[ 2016-03-11T09:19:08+08:00 ] ::1 /newsVis/Application/Home/Common/css/style.css.map
INFO: [ app_init ] --START--
INFO: Run Behavior\BuildLiteBehavior [ RunTime:0.000013s ]
INFO: [ app_init ] --END-- [ RunTime:0.000369s ]
ERR: 无法加载模块:Application

[ 2016-03-11T09:19:48+08:00 ] ::1 /newsVis/Application/Home/Common/css/style.css.map
INFO: [ app_init ] --START--
INFO: Run Behavior\BuildLiteBehavior [ RunTime:0.000012s ]
INFO: [ app_init ] --END-- [ RunTime:0.000302s ]
ERR: 无法加载模块:Application

[ 2016-03-11T09:20:06+08:00 ] ::1 /newsVis/readPath
INFO: [ app_init ] --START--
INFO: Run Behavior\BuildLiteBehavior [ RunTime:0.000014s ]
INFO: [ app_init ] --END-- [ RunTime:0.000326s ]
ERR: 无法加载模块:ReadPath

[ 2016-03-11T09:20:09+08:00 ] ::1 /newsVis/save
INFO: [ app_init ] --START--
INFO: Run Behavior\BuildLiteBehavior [ RunTime:0.000011s ]
INFO: [ app_init ] --END-- [ RunTime:0.000293s ]
ERR: 无法加载模块:Save

[ 2016-03-11T09:21:37+08:00 ] ::1 /newsVis/Application/Home/Common/css/style.css.map
INFO: [ app_init ] --START--
INFO: Run Behavior\BuildLiteBehavior [ RunTime:0.000021s ]
INFO: [ app_init ] --END-- [ RunTime:0.000413s ]
ERR: 无法加载模块:Application

[ 2016-03-11T09:21:44+08:00 ] ::1 /newsVis/readPath
INFO: [ app_init ] --START--
INFO: Run Behavior\BuildLiteBehavior [ RunTime:0.000021s ]
INFO: [ app_init ] --END-- [ RunTime:0.000493s ]
ERR: 无法加载模块:ReadPath

[ 2016-03-11T09:22:17+08:00 ] ::1 /newsVis/Application/Home/Common/img/merge.png
INFO: [ app_init ] --START--
INFO: Run Behavior\BuildLiteBehavior [ RunTime:0.000021s ]
INFO: [ app_init ] --END-- [ RunTime:0.000440s ]
ERR: 无法加载模块:Application

[ 2016-03-11T09:22:17+08:00 ] ::1 /newsVis/Application/Home/Common/img/editAdd.png
INFO: [ app_init ] --START--
INFO: Run Behavior\BuildLiteBehavior [ RunTime:0.000019s ]
INFO: [ app_init ] --END-- [ RunTime:0.000512s ]
ERR: 无法加载模块:Application

[ 2016-03-11T09:22:17+08:00 ] ::1 /newsVis/Application/Home/Common/img/deleteAll.png
INFO: [ app_init ] --START--
INFO: Run Behavior\BuildLiteBehavior [ RunTime:0.000020s ]
INFO: [ app_init ] --END-- [ RunTime:0.000558s ]
ERR: 无法加载模块:Application

[ 2016-03-11T09:22:20+08:00 ] ::1 /newsVis/readPath
INFO: [ app_init ] --START--
INFO: Run Behavior\BuildLiteBehavior [ RunTime:0.000020s ]
INFO: [ app_init ] --END-- [ RunTime:0.000347s ]
ERR: 无法加载模块:ReadPath

[ 2016-03-11T09:22:22+08:00 ] ::1 /newsVis/Application/Home/Common/css/style.css.map
INFO: [ app_init ] --START--
INFO: Run Behavior\BuildLiteBehavior [ RunTime:0.000012s ]
INFO: [ app_init ] --END-- [ RunTime:0.000292s ]
ERR: 无法加载模块:Application

[ 2016-03-11T09:24:13+08:00 ] ::1 /newsVis/Application/Home/Common/img/merge.png
INFO: [ app_init ] --START--
INFO: Run Behavior\BuildLiteBehavior [ RunTime:0.000019s ]
INFO: [ app_init ] --END-- [ RunTime:0.000432s ]
ERR: 无法加载模块:Application

[ 2016-03-11T09:24:13+08:00 ] ::1 /newsVis/Application/Home/Common/img/deleteAll.png
INFO: [ app_init ] --START--
INFO: Run Behavior\BuildLiteBehavior [ RunTime:0.000022s ]
INFO: [ app_init ] --END-- [ RunTime:0.000583s ]
ERR: 无法加载模块:Application

[ 2016-03-11T09:24:13+08:00 ] ::1 /newsVis/Application/Home/Common/img/editAdd.png
INFO: [ app_init ] --START--
INFO: Run Behavior\BuildLiteBehavior [ RunTime:0.000012s ]
INFO: [ app_init ] --END-- [ RunTime:0.000359s ]
ERR: 无法加载模块:Application

[ 2016-03-11T09:24:17+08:00 ] ::1 /newsVis/Application/Home/Common/css/style.css.map
INFO: [ app_init ] --START--
INFO: Run Behavior\BuildLiteBehavior [ RunTime:0.000013s ]
INFO: [ app_init ] --END-- [ RunTime:0.000306s ]
ERR: 无法加载模块:Application

[ 2016-03-11T09:25:07+08:00 ] ::1 /newsVis/readPath
INFO: [ app_init ] --START--
INFO: Run Behavior\BuildLiteBehavior [ RunTime:0.000020s ]
INFO: [ app_init ] --END-- [ RunTime:0.000642s ]
ERR: 无法加载模块:ReadPath

